c:\users\vladi\desktop\sysprog\sysprog-lab4\namedpipes\debug\namedpipes.pch
c:\users\vladi\desktop\sysprog\sysprog-lab4\namedpipes\debug\vc142.pdb
c:\users\vladi\desktop\sysprog\sysprog-lab4\namedpipes\debug\vc142.idb
c:\users\vladi\desktop\sysprog\sysprog-lab4\namedpipes\debug\pch.obj
c:\users\vladi\desktop\sysprog\sysprog-lab4\namedpipes\debug\namedpipes.obj
c:\users\vladi\desktop\sysprog\sysprog-lab4\debug\namedpipes.dll
c:\users\vladi\desktop\sysprog\sysprog-lab4\debug\namedpipes.ilk
c:\users\vladi\desktop\sysprog\sysprog-lab4\debug\namedpipes.pdb
c:\users\vladi\desktop\sysprog\sysprog-lab4\debug\namedpipes.lib
c:\users\vladi\desktop\sysprog\sysprog-lab4\debug\namedpipes.exp
c:\users\vladi\desktop\sysprog\sysprog-lab4\namedpipes\debug\namedpipes.res
c:\users\vladi\desktop\sysprog\sysprog-lab4\namedpipes\debug\namedpipes.tlog\cl.command.1.tlog
c:\users\vladi\desktop\sysprog\sysprog-lab4\namedpipes\debug\namedpipes.tlog\cl.read.1.tlog
c:\users\vladi\desktop\sysprog\sysprog-lab4\namedpipes\debug\namedpipes.tlog\cl.write.1.tlog
c:\users\vladi\desktop\sysprog\sysprog-lab4\namedpipes\debug\namedpipes.tlog\link.command.1.tlog
c:\users\vladi\desktop\sysprog\sysprog-lab4\namedpipes\debug\namedpipes.tlog\link.read.1.tlog
c:\users\vladi\desktop\sysprog\sysprog-lab4\namedpipes\debug\namedpipes.tlog\link.write.1.tlog
c:\users\vladi\desktop\sysprog\sysprog-lab4\namedpipes\debug\namedpipes.tlog\namedpipes.write.1u.tlog
c:\users\vladi\desktop\sysprog\sysprog-lab4\namedpipes\debug\namedpipes.tlog\rc.command.1.tlog
c:\users\vladi\desktop\sysprog\sysprog-lab4\namedpipes\debug\namedpipes.tlog\rc.read.1.tlog
c:\users\vladi\desktop\sysprog\sysprog-lab4\namedpipes\debug\namedpipes.tlog\rc.write.1.tlog
