c:\users\vladi\desktop\sysprog\sysprog-lab5\windowssocket\debug\windowssocket.pch
c:\users\vladi\desktop\sysprog\sysprog-lab5\windowssocket\debug\vc142.pdb
c:\users\vladi\desktop\sysprog\sysprog-lab5\windowssocket\debug\vc142.idb
c:\users\vladi\desktop\sysprog\sysprog-lab5\windowssocket\debug\pch.obj
c:\users\vladi\desktop\sysprog\sysprog-lab5\windowssocket\debug\windowssocket.obj
c:\users\vladi\desktop\sysprog\sysprog-lab5\debug\windowssocket.dll
c:\users\vladi\desktop\sysprog\sysprog-lab5\debug\windowssocket.ilk
c:\users\vladi\desktop\sysprog\sysprog-lab5\debug\windowssocket.pdb
c:\users\vladi\desktop\sysprog\sysprog-lab5\windowssocket\debug\windowssocket.res
c:\users\vladi\desktop\sysprog\sysprog-lab5\debug\windowssocket.lib
c:\users\vladi\desktop\sysprog\sysprog-lab5\debug\windowssocket.exp
c:\users\vladi\desktop\sysprog\sysprog-lab5\windowssocket\debug\windowssocket.tlog\cl.command.1.tlog
c:\users\vladi\desktop\sysprog\sysprog-lab5\windowssocket\debug\windowssocket.tlog\cl.read.1.tlog
c:\users\vladi\desktop\sysprog\sysprog-lab5\windowssocket\debug\windowssocket.tlog\cl.write.1.tlog
c:\users\vladi\desktop\sysprog\sysprog-lab5\windowssocket\debug\windowssocket.tlog\link.command.1.tlog
c:\users\vladi\desktop\sysprog\sysprog-lab5\windowssocket\debug\windowssocket.tlog\link.read.1.tlog
c:\users\vladi\desktop\sysprog\sysprog-lab5\windowssocket\debug\windowssocket.tlog\link.write.1.tlog
c:\users\vladi\desktop\sysprog\sysprog-lab5\windowssocket\debug\windowssocket.tlog\rc.command.1.tlog
c:\users\vladi\desktop\sysprog\sysprog-lab5\windowssocket\debug\windowssocket.tlog\rc.read.1.tlog
c:\users\vladi\desktop\sysprog\sysprog-lab5\windowssocket\debug\windowssocket.tlog\rc.write.1.tlog
c:\users\vladi\desktop\sysprog\sysprog-lab5\windowssocket\debug\windowssocket.tlog\windowssocket.write.1u.tlog
