c:\users\vladi\desktop\lab3\lab3\debug\anonymousdll.lib
c:\users\vladi\desktop\lab3\lab3\debug\anonymousdll.exp
c:\users\vladi\desktop\lab3\lab3\anonymousdll\debug\anonymousdll.pch
c:\users\vladi\desktop\lab3\lab3\anonymousdll\debug\vc142.pdb
c:\users\vladi\desktop\lab3\lab3\anonymousdll\debug\vc142.idb
c:\users\vladi\desktop\lab3\lab3\anonymousdll\debug\pch.obj
c:\users\vladi\desktop\lab3\lab3\anonymousdll\debug\anonymousdll.obj
c:\users\vladi\desktop\lab3\lab3\debug\anonymousdll.ilk
c:\users\vladi\desktop\lab3\lab3\debug\anonymousdll.dll
c:\users\vladi\desktop\lab3\lab3\debug\anonymousdll.pdb
c:\users\vladi\desktop\lab3\lab3\anonymousdll\debug\anonymousdll.res
c:\users\vladi\desktop\lab3\lab3\anonymousdll\debug\anonymousdll.tlog\anonymousdll.write.1u.tlog
c:\users\vladi\desktop\lab3\lab3\anonymousdll\debug\anonymousdll.tlog\cl.command.1.tlog
c:\users\vladi\desktop\lab3\lab3\anonymousdll\debug\anonymousdll.tlog\cl.read.1.tlog
c:\users\vladi\desktop\lab3\lab3\anonymousdll\debug\anonymousdll.tlog\cl.write.1.tlog
c:\users\vladi\desktop\lab3\lab3\anonymousdll\debug\anonymousdll.tlog\link.command.1.tlog
c:\users\vladi\desktop\lab3\lab3\anonymousdll\debug\anonymousdll.tlog\link.read.1.tlog
c:\users\vladi\desktop\lab3\lab3\anonymousdll\debug\anonymousdll.tlog\link.write.1.tlog
c:\users\vladi\desktop\lab3\lab3\anonymousdll\debug\anonymousdll.tlog\rc.command.1.tlog
c:\users\vladi\desktop\lab3\lab3\anonymousdll\debug\anonymousdll.tlog\rc.read.1.tlog
c:\users\vladi\desktop\lab3\lab3\anonymousdll\debug\anonymousdll.tlog\rc.write.1.tlog
